  imgui.cpp
  imgui_demo.cpp
  imgui_draw.cpp
  AppClass.cpp
C:\Users\Samar\source\repos\2208-igme309-01-samarkarnani\E01 - VS19 Config\E06.5_LERP\AppClass.cpp(114,90): warning C4305: 'argument': truncation from 'double' to 'T'
          with
          [
              T=float
          ]
  AppClassControls.cpp
  AppClassGUI.cpp
  AppClassMain.cpp
  Main.cpp
  MyMesh.cpp
  Generating code
  Previous IPDB not found, fall back to full compilation.
  All 902 functions were compiled because no usable IPDB/IOBJ from previous compilation was found.
  Finished generating code
  E06.5_LERP.vcxproj -> C:\Users\Samar\source\repos\2208-igme309-01-samarkarnani\E01 - VS19 Config\Z_DELETE\E06.5_LERP.exe
  Copying files...
          1 file(s) copied.
